<?xml version="1.0" encoding="UTF-8"?>
<robot generator="Robot 3.2.2 (Python 3.9.0 on win32)" generated="20201108 17:14:34.626" rpa="false">
<suite id="s1" name="Robotproject1" source="G:\praneeth\Robotproject1">
<suite id="s1-s1" name="Test" source="G:\praneeth\Robotproject1\test">
<suite id="s1-s1-s1" name="TestSuite1" source="G:\praneeth\Robotproject1\test\TestSuite1.robot">
<kw name="Log" library="BuiltIn" type="setup">
<doc>Logs the given message with the given level.</doc>
<arguments>
<arg>Iam inside Suite Setup</arg>
</arguments>
<msg timestamp="20201108 17:14:35.068" level="INFO">Iam inside Suite Setup</msg>
<status status="PASS" starttime="20201108 17:14:35.067" endtime="20201108 17:14:35.068"></status>
</kw>
<test id="s1-s1-s1-t1" name="MyfirstTest">
<kw name="Log" library="BuiltIn" type="setup">
<doc>Logs the given message with the given level.</doc>
<arguments>
<arg>Iam inside Test Setup</arg>
</arguments>
<msg timestamp="20201108 17:14:35.070" level="INFO">Iam inside Test Setup</msg>
<status status="PASS" starttime="20201108 17:14:35.070" endtime="20201108 17:14:35.070"></status>
</kw>
<kw name="Log" library="BuiltIn">
<doc>Logs the given message with the given level.</doc>
<arguments>
<arg>Hello World one...</arg>
</arguments>
<msg timestamp="20201108 17:14:35.071" level="INFO">Hello World one...</msg>
<status status="PASS" starttime="20201108 17:14:35.071" endtime="20201108 17:14:35.071"></status>
</kw>
<kw name="Log" library="BuiltIn" type="teardown">
<doc>Logs the given message with the given level.</doc>
<arguments>
<arg>Iam inside Test Teardown</arg>
</arguments>
<msg timestamp="20201108 17:14:35.072" level="INFO">Iam inside Test Teardown</msg>
<status status="PASS" starttime="20201108 17:14:35.072" endtime="20201108 17:14:35.072"></status>
</kw>
<tags>
<tag>smoke</tag>
</tags>
<status status="PASS" starttime="20201108 17:14:35.069" endtime="20201108 17:14:35.073" critical="yes"></status>
</test>
<test id="s1-s1-s1-t2" name="MySecondTest">
<kw name="Log" library="BuiltIn" type="setup">
<doc>Logs the given message with the given level.</doc>
<arguments>
<arg>Iam inside Test Setup</arg>
</arguments>
<msg timestamp="20201108 17:14:35.076" level="INFO">Iam inside Test Setup</msg>
<status status="PASS" starttime="20201108 17:14:35.075" endtime="20201108 17:14:35.076"></status>
</kw>
<kw name="Log" library="BuiltIn">
<doc>Logs the given message with the given level.</doc>
<arguments>
<arg>Hello World two ...</arg>
</arguments>
<msg timestamp="20201108 17:14:35.077" level="INFO">Hello World two ...</msg>
<status status="PASS" starttime="20201108 17:14:35.077" endtime="20201108 17:14:35.077"></status>
</kw>
<kw name="Set Tags" library="BuiltIn">
<doc>Adds given ``tags`` for the current test or all tests in a suite.</doc>
<arguments>
<arg>regression1</arg>
</arguments>
<msg timestamp="20201108 17:14:35.078" level="INFO">Set tag 'regression1'.</msg>
<status status="PASS" starttime="20201108 17:14:35.077" endtime="20201108 17:14:35.078"></status>
</kw>
<kw name="Remove Tags" library="BuiltIn">
<doc>Removes given ``tags`` from the current test or all tests in a suite.</doc>
<arguments>
<arg>regression1</arg>
</arguments>
<msg timestamp="20201108 17:14:35.079" level="INFO">Removed tag 'regression1'.</msg>
<status status="PASS" starttime="20201108 17:14:35.079" endtime="20201108 17:14:35.080"></status>
</kw>
<kw name="Log" library="BuiltIn" type="teardown">
<doc>Logs the given message with the given level.</doc>
<arguments>
<arg>Iam inside Test Teardown</arg>
</arguments>
<msg timestamp="20201108 17:14:35.081" level="INFO">Iam inside Test Teardown</msg>
<status status="PASS" starttime="20201108 17:14:35.080" endtime="20201108 17:14:35.081"></status>
</kw>
<tags>
<tag>Sanity</tag>
</tags>
<status status="PASS" starttime="20201108 17:14:35.074" endtime="20201108 17:14:35.081" critical="yes"></status>
</test>
<test id="s1-s1-s1-t3" name="MythirdTest">
<kw name="Log" library="BuiltIn" type="setup">
<doc>Logs the given message with the given level.</doc>
<arguments>
<arg>Iam inside Test Setup</arg>
</arguments>
<msg timestamp="20201108 17:14:35.084" level="INFO">Iam inside Test Setup</msg>
<status status="PASS" starttime="20201108 17:14:35.083" endtime="20201108 17:14:35.085"></status>
</kw>
<kw name="Log" library="BuiltIn">
<doc>Logs the given message with the given level.</doc>
<arguments>
<arg>Hello World three...</arg>
</arguments>
<msg timestamp="20201108 17:14:35.086" level="INFO">Hello World three...</msg>
<status status="PASS" starttime="20201108 17:14:35.086" endtime="20201108 17:14:35.086"></status>
</kw>
<kw name="Log" library="BuiltIn" type="teardown">
<doc>Logs the given message with the given level.</doc>
<arguments>
<arg>Iam inside Test Teardown</arg>
</arguments>
<msg timestamp="20201108 17:14:35.087" level="INFO">Iam inside Test Teardown</msg>
<status status="PASS" starttime="20201108 17:14:35.087" endtime="20201108 17:14:35.087"></status>
</kw>
<tags>
<tag>Sanity</tag>
</tags>
<status status="PASS" starttime="20201108 17:14:35.082" endtime="20201108 17:14:35.088" critical="yes"></status>
</test>
<kw name="Log" library="BuiltIn" type="teardown">
<doc>Logs the given message with the given level.</doc>
<arguments>
<arg>Iam inside Suite Teardown</arg>
</arguments>
<msg timestamp="20201108 17:14:35.089" level="INFO">Iam inside Suite Teardown</msg>
<status status="PASS" starttime="20201108 17:14:35.089" endtime="20201108 17:14:35.089"></status>
</kw>
<status status="PASS" starttime="20201108 17:14:34.729" endtime="20201108 17:14:35.090"></status>
</suite>
<status status="PASS" starttime="20201108 17:14:34.721" endtime="20201108 17:14:35.094"></status>
</suite>
<status status="PASS" starttime="20201108 17:14:34.682" endtime="20201108 17:14:35.096"></status>
</suite>
<statistics>
<total>
<stat pass="3" fail="0">Critical Tests</stat>
<stat pass="3" fail="0">All Tests</stat>
</total>
<tag>
<stat pass="2" fail="0">Sanity</stat>
<stat pass="1" fail="0">smoke</stat>
</tag>
<suite>
<stat pass="3" fail="0" id="s1" name="Robotproject1">Robotproject1</stat>
<stat pass="3" fail="0" id="s1-s1" name="Test">Robotproject1.Test</stat>
<stat pass="3" fail="0" id="s1-s1-s1" name="TestSuite1">Robotproject1.Test.TestSuite1</stat>
</suite>
</statistics>
<errors>
</errors>
</robot>
